<?xml version="1.0" encoding="UTF-8"?>
<testsuite name="edu.csula.storage.mysql.EventsDAOImplTest" tests="4" skipped="0" failures="0" errors="0" timestamp="2018-05-07T03:54:21" hostname="DESKTOP-KLEK2H7" time="1.184">
  <properties/>
  <testcase name="getAll" classname="edu.csula.storage.mysql.EventsDAOImplTest" time="1.07"/>
  <testcase name="getById" classname="edu.csula.storage.mysql.EventsDAOImplTest" time="0.102"/>
  <testcase name="add" classname="edu.csula.storage.mysql.EventsDAOImplTest" time="0.01"/>
  <testcase name="set" classname="edu.csula.storage.mysql.EventsDAOImplTest" time="0.001"/>
  <system-out><![CDATA[]]></system-out>
  <system-err><![CDATA[]]></system-err>
</testsuite>
